extraCredit: 0
fatalError: false
maxExtraCredit: 0
maxTotalPoints: 20
messages: []
mode: auto
parts:
- description: Basic test for succAndProbReward() that covers several edge cases.
  extraCredit: false
  maxPoints: 3
  maxSeconds: 5
  messages: []
  name: 2a-1-basic
  points: 3
  seconds: 0
- description: Hidden test for ValueIteration. Run ValueIteration on BlackjackMDP,
    then test if V[startState] is correct.
  extraCredit: false
  maxPoints: 2
  maxSeconds: 5
  messages: []
  name: 2a-2-hidden
  points: 2
  seconds: 0
- description: Basic test for incorporateFeedback() using NumberLineMDP.
  extraCredit: false
  maxPoints: 3
  maxSeconds: 3
  messages: []
  name: 3a-1-basic
  points: 3
  seconds: 0
- description: Hidden test for incorporateFeedback(). Run Qlearning on a small MDP,
    then ensure that getQ returns reasonable policy.
  extraCredit: false
  maxPoints: 2
  maxSeconds: 3
  messages: []
  name: 3a-2-hidden
  points: 2
  seconds: 1
- description: Basic test for incorporateFeedback() using NumberLineMDP.
  extraCredit: false
  maxPoints: 3
  maxSeconds: 3
  messages: []
  name: 3b-1-basic
  points: 3
  seconds: 0
- description: Hidden test for incorporateFeedback(). Run SARSA on a small MDP, then
    ensure that getQ returns reasonable policy.
  extraCredit: false
  maxPoints: 2
  maxSeconds: 3
  messages: []
  name: 3b-2-hidden
  points: 2
  seconds: 0
- description: Basic test for blackjackFeatureExtractor.  Runs Qlearning using blackjackFeatureExtractor,
    then checks to see that Q-values are correct.
  extraCredit: false
  maxPoints: 3
  maxSeconds: 3
  messages: []
  name: 3c-1-basic
  points: 3
  seconds: 0
- description: Hidden test for incorporateFeedback(). Run Qlearning on a large MDP,
    then ensure that getQ returns reasonable policy.
  extraCredit: false
  maxPoints: 2
  maxSeconds: 20
  messages: []
  name: 3c-2-hidden
  points: 2
  seconds: 8
totalPoints: 20
